# Arduino 编译输出日志
# 生成时间: 2026-05-23T16:00:38.143Z
# 此文件用于 AI 助手分析编译错误
──────────────────────────────────────────────────
[2026/5/23 22:00:38] [INFO] 开始上传: gps
[2026/5/23 22:00:38] [INFO] 目标板卡: arduino:avr:uno
[2026/5/23 22:00:38] [INFO] 目标端口: /dev/cu.debug-console
[2026/5/23 22:00:38] [INFO] 构建目录: /Users/chimigyeltshen/Desktop/ChimiPersonla/gps/.arduino/build
[2026/5/23 22:00:38] [INFO] ──────────────────────────────────────────────────
[2026/5/23 22:00:38] [INFO] ============================================================
[2026/5/23 22:00:38] [INFO] [INFO] 开始上传: /Users/chimigyeltshen/Desktop/ChimiPersonla/gps
[2026/5/23 22:00:38] [INFO] [INFO] 目标板卡: arduino:avr:uno
[2026/5/23 22:00:38] [INFO] [INFO] 目标端口: /dev/cu.debug-console
[2026/5/23 22:00:38] [INFO] [INFO] 构建目录: /Users/chimigyeltshen/Desktop/ChimiPersonla/gps/.arduino/build
[2026/5/23 22:00:38] [INFO] ============================================================
[2026/5/23 22:00:39] [INFO] "/Users/chimigyeltshen/Desktop/ChimiPersonla/gps/.arduino-cli/data/packages/arduino/tools/avrdude/8.0.0-arduino1/bin/avrdude" "-C/Users/chimigyeltshen/Desktop/ChimiPersonla/gps/.arduino-cli/data/packages/arduino/tools/avrdude/8.0.0-arduino1/etc/avrdude.conf" -v -V -patmega328p -carduino "-P/dev/cu.debug-console" -b115200 -D "-Uflash:w:/Users/chimigyeltshen/Desktop/ChimiPersonla/gps/.arduino/build/gps.ino.hex:i"
[2026/5/23 22:00:39] [INFO] Avrdude version 8.0-arduino.1
[2026/5/23 22:00:39] [INFO] Copyright see https://github.com/avrdudes/avrdude/blob/main/AUTHORS
[2026/5/23 22:00:39] [INFO] System wide configuration file is /Users/chimigyeltshen/Desktop/ChimiPersonla/gps/.arduino-cli/data/packages/arduino/tools/avrdude/8.0.0-arduino1/etc/avrdude.conf
[2026/5/23 22:00:39] [INFO] User configuration file /Users/chimigyeltshen/.avrduderc does not exist
[2026/5/23 22:00:39] [INFO] Using port            : /dev/cu.debug-console
[2026/5/23 22:00:39] [INFO] Using programmer      : arduino
[2026/5/23 22:00:39] [INFO] Setting baud rate     : 115200
[2026/5/23 22:00:45] [ERROR] Error: programmer is not responding
[2026/5/23 22:00:45] [WARNING] Warning: attempt 1 of 10: not in sync: resp=0x00
[2026/5/23 22:00:51] [ERROR] Error: programmer is not responding
[2026/5/23 22:00:51] [WARNING] Warning: attempt 2 of 10: not in sync: resp=0x00
[2026/5/23 22:00:56] [ERROR] Error: programmer is not responding
[2026/5/23 22:00:56] [WARNING] Warning: attempt 3 of 10: not in sync: resp=0x00
[2026/5/23 22:01:01] [ERROR] Error: programmer is not responding
[2026/5/23 22:01:01] [WARNING] Warning: attempt 4 of 10: not in sync: resp=0x00
[2026/5/23 22:01:06] [ERROR] Error: programmer is not responding
[2026/5/23 22:01:06] [WARNING] Warning: attempt 5 of 10: not in sync: resp=0x00
[2026/5/23 22:01:12] [ERROR] Error: programmer is not responding
[2026/5/23 22:01:12] [WARNING] Warning: attempt 6 of 10: not in sync: resp=0x00
[2026/5/23 22:01:17] [ERROR] Error: programmer is not responding
[2026/5/23 22:01:17] [WARNING] Warning: attempt 7 of 10: not in sync: resp=0x00
[2026/5/23 22:01:22] [ERROR] Error: programmer is not responding
[2026/5/23 22:01:22] [WARNING] Warning: attempt 8 of 10: not in sync: resp=0x00
[2026/5/23 22:01:28] [ERROR] Error: programmer is not responding
[2026/5/23 22:01:28] [WARNING] Warning: attempt 9 of 10: not in sync: resp=0x00
[2026/5/23 22:01:33] [ERROR] Error: programmer is not responding
[2026/5/23 22:01:33] [WARNING] Warning: attempt 10 of 10: not in sync: resp=0x00
[2026/5/23 22:01:33] [ERROR] Error: unable to open port /dev/cu.debug-console for programmer arduino
[2026/5/23 22:01:33] [INFO] Avrdude done.  Thank you.
[2026/5/23 22:01:33] [ERROR] Failed uploading: uploading error: exit status 1
[2026/5/23 22:01:33] [ERROR] [ERROR] 上传失败: CliExecutionError: Avrdude version 8.0-arduino.1
[2026/5/23 22:01:33] [INFO] Copyright see https://github.com/avrdudes/avrdude/blob/main/AUTHORS
[2026/5/23 22:01:33] [INFO] System wide configuration file is /Users/chimigyeltshen/Desktop/ChimiPersonla/gps/.arduino-cli/data/packages/arduino/tools/avrdude/8.0.0-arduino1/etc/avrdude.conf
[2026/5/23 22:01:33] [INFO] User configuration file /Users/chimigyeltshen/.avrduderc does not exist
[2026/5/23 22:01:33] [INFO] Using port            : /dev/cu.debug-console
[2026/5/23 22:01:33] [INFO] Using programmer      : arduino
[2026/5/23 22:01:33] [INFO] Setting baud rate     : 115200
[2026/5/23 22:01:33] [ERROR] Error: programmer is not responding
[2026/5/23 22:01:33] [WARNING] Warning: attempt 1 of 10: not in sync: resp=0x00
[2026/5/23 22:01:33] [ERROR] Error: programmer is not responding
[2026/5/23 22:01:33] [WARNING] Warning: attempt 2 of 10: not in sync: resp=0x00
[2026/5/23 22:01:33] [ERROR] Error: programmer is not responding
[2026/5/23 22:01:33] [WARNING] Warning: attempt 3 of 10: not in sync: resp=0x00
[2026/5/23 22:01:33] [ERROR] Error: programmer is not responding
[2026/5/23 22:01:33] [WARNING] Warning: attempt 4 of 10: not in sync: resp=0x00
[2026/5/23 22:01:33] [ERROR] Error: programmer is not responding
[2026/5/23 22:01:33] [WARNING] Warning: attempt 5 of 10: not in sync: resp=0x00
[2026/5/23 22:01:33] [ERROR] Error: programmer is not responding
[2026/5/23 22:01:33] [WARNING] Warning: attempt 6 of 10: not in sync: resp=0x00
[2026/5/23 22:01:33] [ERROR] Error: programmer is not responding
[2026/5/23 22:01:33] [WARNING] Warning: attempt 7 of 10: not in sync: resp=0x00
[2026/5/23 22:01:33] [ERROR] Error: programmer is not responding
[2026/5/23 22:01:33] [WARNING] Warning: attempt 8 of 10: not in sync: resp=0x00
[2026/5/23 22:01:33] [ERROR] Error: programmer is not responding
[2026/5/23 22:01:33] [WARNING] Warning: attempt 9 of 10: not in sync: resp=0x00
[2026/5/23 22:01:33] [ERROR] Error: programmer is not responding
[2026/5/23 22:01:33] [WARNING] Warning: attempt 10 of 10: not in sync: resp=0x00
[2026/5/23 22:01:33] [ERROR] Error: unable to open port /dev/cu.debug-console for programmer arduino
[2026/5/23 22:01:33] [INFO] Avrdude done.  Thank you.
[2026/5/23 22:01:33] [ERROR] Failed uploading: uploading error: exit status 1
[2026/5/23 22:01:33] [INFO] ──────────────────────────────────────────────────
[2026/5/23 22:01:33] [ERROR] 上传失败
[2026/5/23 22:01:33] [INFO] 耗时: 55.5s
